  Killing any running python_d.exe instances...
  _bisectmodule.c
  _codecsmodule.c
  _collectionsmodule.c
  _csv.c
  _functoolsmodule.c
  _heapqmodule.c
  _json.c
  _localemodule.c
  _lsprof.c
  _math.c
  _pickle.c
  _randommodule.c
  _sre.c
  _stat.c
  _struct.c
  _weakref.c
  arraymodule.c
  atexitmodule.c
  audioop.c
  binascii.c
  Generating Code...
  Compiling...
  cmathmodule.c
  _datetimemodule.c
  errnomodule.c
  faulthandler.c
  gcmodule.c
  hashtable.c
  itertoolsmodule.c
  main.c
  mathmodule.c
  md5module.c
  mmapmodule.c
  _opcode.c
  _operator.c
  parsermodule.c
  posixmodule.c
  rotatingtree.c
  sha1module.c
  sha256module.c
  sha512module.c
  signalmodule.c
  Generating Code...
  Compiling...
  symtablemodule.c
  _threadmodule.c
  _tracemalloc.c
  timemodule.c
  xxsubtype.c
  zipimport.c
  zlibmodule.c
  fileio.c
  bytesio.c
  stringio.c
  bufferedio.c
  iobase.c
  textio.c
  _iomodule.c
  adler32.c
  compress.c
  crc32.c
  deflate.c
  infback.c
  inffast.c
  Generating Code...
  Compiling...
  inflate.c
  inftrees.c
  trees.c
  uncompr.c
  zutil.c
  _codecs_cn.c
  _codecs_hk.c
  _codecs_iso2022.c
  _codecs_jp.c
  _codecs_kr.c
  _codecs_tw.c
  multibytecodec.c
  _winapi.c
  abstract.c
  accu.c
  boolobject.c
  bytes_methods.c
  bytearrayobject.c
  bytesobject.c
  capsule.c
  Generating Code...
  Compiling...
  cellobject.c
  classobject.c
  codeobject.c
  complexobject.c
  descrobject.c
  dictobject.c
  enumobject.c
  exceptions.c
  fileobject.c
  floatobject.c
  frameobject.c
  funcobject.c
  genobject.c
  iterobject.c
  listobject.c
  longobject.c
  memoryobject.c
  methodobject.c
  moduleobject.c
  namespaceobject.c
  Generating Code...
  Compiling...
  object.c
  obmalloc.c
  odictobject.c
  rangeobject.c
  setobject.c
  sliceobject.c
  structseq.c
  tupleobject.c
  typeobject.c
  unicodectype.c
  unicodeobject.c
  weakrefobject.c
  acceler.c
  bitset.c
  firstsets.c
  grammar.c
  grammar1.c
  listnode.c
  metagrammar.c
  myreadline.c
  Generating Code...
  Compiling...
  node.c
  parser.c
  parsetok.c
  tokenizer.c
  invalid_parameter_handler.c
  winreg.c
  config.c
  getpathp.c
  msvcrtmodule.c
  pyhash.c
  random.c
  _warnings.c
  asdl.c
  ast.c
  bltinmodule.c
  ceval.c
  codecs.c
  compile.c
  dynamic_annotations.c
  dynload_win.c
  Generating Code...
  Compiling...
  errors.c
  fileutils.c
  formatter_unicode.c
  frozen.c
  future.c
  getargs.c
  getcompiler.c
  getcopyright.c
  getopt.c
  getplatform.c
  getversion.c
  graminit.c
  import.c
  importdl.c
  marshal.c
  modsupport.c
  mysnprintf.c
  mystrtoul.c
  peephole.c
  pyarena.c
  Generating Code...
  Compiling...
  pyctype.c
  pyfpe.c
  pylifecycle.c
  pymath.c
  pytime.c
  pystate.c
  pystrcmp.c
  pystrhex.c
  pystrtod.c
  dtoa.c
  Python-ast.c
  pythonrun.c
  structmember.c
  symtable.c
  sysmodule.c
  thread.c
  traceback.c
  dl_nt.c
  Generating Code...
  getbuildinfo.c
     Creating library C:\Users\orenmn\cpython\PCBuild\win32\python35_d.lib and object C:\Users\orenmn\cpython\PCBuild\win32\python35_d.exp
  pythoncore.vcxproj -> C:\Users\orenmn\cpython\PCBuild\win32\python35_d.dll
